{"C:\\Users\\user\\MDJPLANNER\\mdj-planner\\lib\\validations\\user.ts": {"path":"C:\\Users\\user\\MDJPLANNER\\mdj-planner\\lib\\validations\\user.ts","statementMap":{"0":{"start":{"line":3,"column":26},"end":{"line":33,"column":null}},"1":{"start":{"line":26,"column":4},"end":{"line":28,"column":null}},"2":{"start":{"line":27,"column":8},"end":{"line":27,"column":null}},"3":{"start":{"line":29,"column":4},"end":{"line":29,"column":null}},"4":{"start":{"line":37,"column":28},"end":{"line":45,"column":null}},"5":{"start":{"line":38,"column":19},"end":{"line":38,"column":null}},"6":{"start":{"line":40,"column":4},"end":{"line":42,"column":null}},"7":{"start":{"line":41,"column":8},"end":{"line":41,"column":null}},"8":{"start":{"line":44,"column":4},"end":{"line":44,"column":null}}},"fnMap":{"0":{"name":"(anonymous_0)","decl":{"start":{"line":25,"column":19},"end":{"line":25,"column":20}},"loc":{"start":{"line":25,"column":29},"end":{"line":30,"column":3}},"line":25},"1":{"name":"(anonymous_1)","decl":{"start":{"line":37,"column":28},"end":{"line":37,"column":29}},"loc":{"start":{"line":37,"column":53},"end":{"line":45,"column":null}},"line":37}},"branchMap":{"0":{"loc":{"start":{"line":26,"column":4},"end":{"line":28,"column":null}},"type":"if","locations":[{"start":{"line":26,"column":4},"end":{"line":28,"column":null}},{"start":{},"end":{}}],"line":26},"1":{"loc":{"start":{"line":26,"column":8},"end":{"line":26,"column":47}},"type":"binary-expr","locations":[{"start":{"line":26,"column":8},"end":{"line":26,"column":25}},{"start":{"line":26,"column":25},"end":{"line":26,"column":47}}],"line":26},"2":{"loc":{"start":{"line":40,"column":4},"end":{"line":42,"column":null}},"type":"if","locations":[{"start":{"line":40,"column":4},"end":{"line":42,"column":null}},{"start":{},"end":{}}],"line":40}},"s":{"0":1,"1":3,"2":1,"3":2,"4":1,"5":2,"6":2,"7":2,"8":0},"f":{"0":3,"1":2},"b":{"0":[1,2],"1":[3,2],"2":[2,0]},"meta":{"lastBranch":3,"lastFunction":2,"lastStatement":9,"seen":{"s:3:26:33:Infinity":0,"f:25:19:25:20":0,"b:26:4:28:Infinity:undefined:undefined:undefined:undefined":0,"s:26:4:28:Infinity":1,"b:26:8:26:25:26:25:26:47":1,"s:27:8:27:Infinity":2,"s:29:4:29:Infinity":3,"s:37:28:45:Infinity":4,"f:37:28:37:29":1,"s:38:19:38:Infinity":5,"b:40:4:42:Infinity:undefined:undefined:undefined:undefined":2,"s:40:4:42:Infinity":6,"s:41:8:41:Infinity":7,"s:44:4:44:Infinity":8}}}
}
